<?xml version="1.0" encoding="UTF-8"?>
<!-- Generated by org.testng.reporters.JUnitReportReporter -->
<testsuite skipped="0" hostname="DESKTOP-506AGEU" name="com_hackethon_test.InsuranceTest" tests="11" failures="0" timestamp="26 Oct 2020 15:15:34 GMT" time="715.614" errors="0">
  <testcase name="testOne" time="58.908" classname="com_hackethon_test.InsuranceTest"/>
  <testcase name="testOne" time="72.184" classname="com_hackethon_test.InsuranceTest"/>
  <testcase name="testOne" time="66.797" classname="com_hackethon_test.InsuranceTest"/>
  <testcase name="testOne" time="65.958" classname="com_hackethon_test.InsuranceTest"/>
  <testcase name="testOne" time="63.672" classname="com_hackethon_test.InsuranceTest"/>
  <testcase name="testOne" time="62.097" classname="com_hackethon_test.InsuranceTest"/>
  <testcase name="testOne" time="66.302" classname="com_hackethon_test.InsuranceTest"/>
  <testcase name="testOne" time="68.248" classname="com_hackethon_test.InsuranceTest"/>
  <testcase name="testOne" time="61.094" classname="com_hackethon_test.InsuranceTest"/>
  <testcase name="testOne" time="68.196" classname="com_hackethon_test.InsuranceTest"/>
  <testcase name="testOne" time="62.158" classname="com_hackethon_test.InsuranceTest"/>
</testsuite> <!-- com_hackethon_test.InsuranceTest -->
