<?xml version="1.0" encoding="UTF-8"?>
<!-- Generated by org.testng.reporters.JUnitReportReporter -->
<testsuite skipped="0" hostname="DESKTOP-506AGEU" name="com_hackethon_test.CarInsuranceTest" tests="10" failures="0" timestamp="26 Oct 2020 15:15:34 GMT" time="603.483" errors="0">
  <testcase name="testTwo" time="62.621" classname="com_hackethon_test.CarInsuranceTest"/>
  <testcase name="testTwo" time="58.869" classname="com_hackethon_test.CarInsuranceTest"/>
  <testcase name="testTwo" time="63.778" classname="com_hackethon_test.CarInsuranceTest"/>
  <testcase name="testTwo" time="64.998" classname="com_hackethon_test.CarInsuranceTest"/>
  <testcase name="testTwo" time="59.633" classname="com_hackethon_test.CarInsuranceTest"/>
  <testcase name="testTwo" time="55.503" classname="com_hackethon_test.CarInsuranceTest"/>
  <testcase name="testTwo" time="54.016" classname="com_hackethon_test.CarInsuranceTest"/>
  <testcase name="testTwo" time="63.657" classname="com_hackethon_test.CarInsuranceTest"/>
  <testcase name="testTwo" time="62.105" classname="com_hackethon_test.CarInsuranceTest"/>
  <testcase name="testTwo" time="58.303" classname="com_hackethon_test.CarInsuranceTest"/>
</testsuite> <!-- com_hackethon_test.CarInsuranceTest -->
