<?xml version="1.0" encoding="UTF-8"?>
<!-- Generated by org.testng.reporters.JUnitReportReporter -->
<testsuite skipped="0" hostname="DESKTOP-506AGEU" name="com_hackethon_test.InsuranceTest" tests="11" failures="0" timestamp="29 Oct 2020 11:10:25 GMT" time="1258.569" errors="0">
  <testcase name="testOne" time="111.743" classname="com_hackethon_test.InsuranceTest"/>
  <testcase name="testOne" time="150.710" classname="com_hackethon_test.InsuranceTest"/>
  <testcase name="testOne" time="122.892" classname="com_hackethon_test.InsuranceTest"/>
  <testcase name="testOne" time="118.705" classname="com_hackethon_test.InsuranceTest"/>
  <testcase name="testOne" time="129.336" classname="com_hackethon_test.InsuranceTest"/>
  <testcase name="testOne" time="65.233" classname="com_hackethon_test.InsuranceTest"/>
  <testcase name="testOne" time="69.292" classname="com_hackethon_test.InsuranceTest"/>
  <testcase name="testOne" time="125.282" classname="com_hackethon_test.InsuranceTest"/>
  <testcase name="testOne" time="128.504" classname="com_hackethon_test.InsuranceTest"/>
  <testcase name="testOne" time="127.172" classname="com_hackethon_test.InsuranceTest"/>
  <testcase name="testOne" time="109.700" classname="com_hackethon_test.InsuranceTest"/>
</testsuite> <!-- com_hackethon_test.InsuranceTest -->
