<?xml version="1.0" encoding="UTF-8"?>
<!-- Generated by org.testng.reporters.JUnitReportReporter -->
<testsuite skipped="0" hostname="DESKTOP-506AGEU" name="com_hackethon_test.CarInsuranceTest" tests="10" failures="0" timestamp="29 Oct 2020 11:10:25 GMT" time="1070.936" errors="0">
  <testcase name="testTwo" time="107.922" classname="com_hackethon_test.CarInsuranceTest"/>
  <testcase name="testTwo" time="122.539" classname="com_hackethon_test.CarInsuranceTest"/>
  <testcase name="testTwo" time="96.703" classname="com_hackethon_test.CarInsuranceTest"/>
  <testcase name="testTwo" time="108.708" classname="com_hackethon_test.CarInsuranceTest"/>
  <testcase name="testTwo" time="84.467" classname="com_hackethon_test.CarInsuranceTest"/>
  <testcase name="testTwo" time="106.405" classname="com_hackethon_test.CarInsuranceTest"/>
  <testcase name="testTwo" time="91.284" classname="com_hackethon_test.CarInsuranceTest"/>
  <testcase name="testTwo" time="134.863" classname="com_hackethon_test.CarInsuranceTest"/>
  <testcase name="testTwo" time="111.128" classname="com_hackethon_test.CarInsuranceTest"/>
  <testcase name="testTwo" time="106.917" classname="com_hackethon_test.CarInsuranceTest"/>
</testsuite> <!-- com_hackethon_test.CarInsuranceTest -->
